running egg_info
writing ../../build/ortega_bot/ortega_bot.egg-info/PKG-INFO
writing dependency_links to ../../build/ortega_bot/ortega_bot.egg-info/dependency_links.txt
writing entry points to ../../build/ortega_bot/ortega_bot.egg-info/entry_points.txt
writing requirements to ../../build/ortega_bot/ortega_bot.egg-info/requires.txt
writing top-level names to ../../build/ortega_bot/ortega_bot.egg-info/top_level.txt
reading manifest file '../../build/ortega_bot/ortega_bot.egg-info/SOURCES.txt'
writing manifest file '../../build/ortega_bot/ortega_bot.egg-info/SOURCES.txt'
running build
running build_py
copying ortega_bot/subscriber.py -> /home/kanja-koduki/ortega_ws/build/ortega_bot/build/lib/ortega_bot
copying ortega_bot/publisher.py -> /home/kanja-koduki/ortega_ws/build/ortega_bot/build/lib/ortega_bot
running install
running install_lib
copying /home/kanja-koduki/ortega_ws/build/ortega_bot/build/lib/ortega_bot/subscriber.py -> /home/kanja-koduki/ortega_ws/install/ortega_bot/lib/python3.10/site-packages/ortega_bot
copying /home/kanja-koduki/ortega_ws/build/ortega_bot/build/lib/ortega_bot/publisher.py -> /home/kanja-koduki/ortega_ws/install/ortega_bot/lib/python3.10/site-packages/ortega_bot
byte-compiling /home/kanja-koduki/ortega_ws/install/ortega_bot/lib/python3.10/site-packages/ortega_bot/subscriber.py to subscriber.cpython-310.pyc
byte-compiling /home/kanja-koduki/ortega_ws/install/ortega_bot/lib/python3.10/site-packages/ortega_bot/publisher.py to publisher.cpython-310.pyc
running install_data
running install_egg_info
removing '/home/kanja-koduki/ortega_ws/install/ortega_bot/lib/python3.10/site-packages/ortega_bot-0.0.0-py3.10.egg-info' (and everything under it)
Copying ../../build/ortega_bot/ortega_bot.egg-info to /home/kanja-koduki/ortega_ws/install/ortega_bot/lib/python3.10/site-packages/ortega_bot-0.0.0-py3.10.egg-info
running install_scripts
Installing publisher_node script to /home/kanja-koduki/ortega_ws/install/ortega_bot/lib/ortega_bot
Installing subscriber_node script to /home/kanja-koduki/ortega_ws/install/ortega_bot/lib/ortega_bot
writing list of installed files to '/home/kanja-koduki/ortega_ws/build/ortega_bot/install.log'
