[2.143s] Invoking command in '/home/kanja-koduki/ortega_ws/src/ortega_bot': PYTHONPATH=/home/kanja-koduki/ortega_ws/build/ortega_bot/prefix_override:/home/kanja-koduki/ortega_ws/install/ortega_bot/lib/python3.10/site-packages:${PYTHONPATH} /usr/bin/python3 setup.py egg_info --egg-base ../../build/ortega_bot build --build-base /home/kanja-koduki/ortega_ws/build/ortega_bot/build install --record /home/kanja-koduki/ortega_ws/build/ortega_bot/install.log --single-version-externally-managed
[2.605s] running egg_info
[2.606s] creating ../../build/ortega_bot/ortega_bot.egg-info
[2.641s] writing ../../build/ortega_bot/ortega_bot.egg-info/PKG-INFO
[2.642s] writing dependency_links to ../../build/ortega_bot/ortega_bot.egg-info/dependency_links.txt
[2.642s] writing requirements to ../../build/ortega_bot/ortega_bot.egg-info/requires.txt
[2.642s] writing top-level names to ../../build/ortega_bot/ortega_bot.egg-info/top_level.txt
[2.643s] writing manifest file '../../build/ortega_bot/ortega_bot.egg-info/SOURCES.txt'
[2.712s] reading manifest file '../../build/ortega_bot/ortega_bot.egg-info/SOURCES.txt'
[2.714s] writing manifest file '../../build/ortega_bot/ortega_bot.egg-info/SOURCES.txt'
[2.714s] running build
[2.714s] running build_py
[2.714s] creating /home/kanja-koduki/ortega_ws/build/ortega_bot/build
[2.714s] creating /home/kanja-koduki/ortega_ws/build/ortega_bot/build/lib
[2.715s] creating /home/kanja-koduki/ortega_ws/build/ortega_bot/build/lib/ortega_bot
[2.715s] copying ortega_bot/__init__.py -> /home/kanja-koduki/ortega_ws/build/ortega_bot/build/lib/ortega_bot
[2.715s] running install
[2.716s] /home/kanja-koduki/.local/lib/python3.10/site-packages/setuptools/_distutils/cmd.py:66: SetuptoolsDeprecationWarning: setup.py install is deprecated.
[2.716s] !!
[2.716s] 
[2.716s]         ********************************************************************************
[2.716s]         Please avoid running ``setup.py`` directly.
[2.716s]         Instead, use pypa/build, pypa/installer or other
[2.716s]         standards-based tools.
[2.716s] 
[2.716s]         See https://blog.ganssle.io/articles/2021/10/setup-py-deprecated.html for details.
[2.717s]         ********************************************************************************
[2.717s] 
[2.717s] !!
[2.717s]   self.initialize_options()
[2.726s] running install_lib
[2.762s] creating /home/kanja-koduki/ortega_ws/install/ortega_bot/lib/python3.10/site-packages/ortega_bot
[2.762s] copying /home/kanja-koduki/ortega_ws/build/ortega_bot/build/lib/ortega_bot/__init__.py -> /home/kanja-koduki/ortega_ws/install/ortega_bot/lib/python3.10/site-packages/ortega_bot
[2.763s] byte-compiling /home/kanja-koduki/ortega_ws/install/ortega_bot/lib/python3.10/site-packages/ortega_bot/__init__.py to __init__.cpython-310.pyc
[2.763s] running install_data
[2.799s] creating /home/kanja-koduki/ortega_ws/install/ortega_bot/share/ament_index
[2.800s] creating /home/kanja-koduki/ortega_ws/install/ortega_bot/share/ament_index/resource_index
[2.800s] creating /home/kanja-koduki/ortega_ws/install/ortega_bot/share/ament_index/resource_index/packages
[2.800s] copying resource/ortega_bot -> /home/kanja-koduki/ortega_ws/install/ortega_bot/share/ament_index/resource_index/packages
[2.800s] copying package.xml -> /home/kanja-koduki/ortega_ws/install/ortega_bot/share/ortega_bot
[2.800s] running install_egg_info
[2.836s] Copying ../../build/ortega_bot/ortega_bot.egg-info to /home/kanja-koduki/ortega_ws/install/ortega_bot/lib/python3.10/site-packages/ortega_bot-0.0.0-py3.10.egg-info
[2.837s] running install_scripts
[3.157s] writing list of installed files to '/home/kanja-koduki/ortega_ws/build/ortega_bot/install.log'
[3.205s] Invoked command in '/home/kanja-koduki/ortega_ws/src/ortega_bot' returned '0': PYTHONPATH=/home/kanja-koduki/ortega_ws/build/ortega_bot/prefix_override:/home/kanja-koduki/ortega_ws/install/ortega_bot/lib/python3.10/site-packages:${PYTHONPATH} /usr/bin/python3 setup.py egg_info --egg-base ../../build/ortega_bot build --build-base /home/kanja-koduki/ortega_ws/build/ortega_bot/build install --record /home/kanja-koduki/ortega_ws/build/ortega_bot/install.log --single-version-externally-managed
