[3.272s] colcon DEBUG Command line arguments: ['/usr/bin/colcon', 'list', '-p', '--base-paths', '/home/kanja-koduki/ortega_ws']
[3.273s] colcon DEBUG Parsed command line arguments: Namespace(log_base=None, log_level=None, verb_name='list', build_base='build', ignore_user_meta=False, metas=['./colcon.meta'], base_paths=['/home/kanja-koduki/ortega_ws'], packages_ignore=None, packages_ignore_regex=None, paths=None, packages_up_to=None, packages_up_to_regex=None, packages_above=None, packages_above_and_dependencies=None, packages_above_depth=None, packages_select_by_dep=None, packages_skip_by_dep=None, packages_skip_up_to=None, packages_select_build_failed=False, packages_skip_build_finished=False, packages_select_test_failures=False, packages_skip_test_passed=False, packages_select=None, packages_skip=None, packages_select_regex=None, packages_skip_regex=None, packages_start=None, packages_end=None, allow_overriding=[], topological_order=False, names_only=False, paths_only=True, topological_graph=False, topological_graph_dot=False, topological_graph_density=False, topological_graph_legend=False, topological_graph_dot_cluster=False, topological_graph_dot_include_skipped=False, verb_parser=<colcon_defaults.argument_parser.defaults.DefaultArgumentsDecorator object at 0x7f51d801b370>, verb_extension=<colcon_package_information.verb.list.ListVerb object at 0x7f51d8019630>, main=<bound method ListVerb.main of <colcon_package_information.verb.list.ListVerb object at 0x7f51d8019630>>)
[3.495s] colcon.colcon_core.package_discovery Level 1 discover_packages(colcon_meta) check parameters
[3.496s] colcon.colcon_core.package_discovery Level 1 discover_packages(recursive) check parameters
[3.496s] colcon.colcon_core.package_discovery Level 1 discover_packages(ignore) check parameters
[3.496s] colcon.colcon_core.package_discovery Level 1 discover_packages(path) check parameters
[3.496s] colcon.colcon_core.package_discovery Level 1 discover_packages(recursive) discover
[3.496s] colcon.colcon_core.package_discovery INFO Crawling recursively for packages in '/home/kanja-koduki/ortega_ws'
[3.497s] colcon.colcon_core.package_identification Level 1 _identify(/home/kanja-koduki/ortega_ws) by extensions ['ignore', 'ignore_ament_install']
[3.497s] colcon.colcon_core.package_identification Level 1 _identify(/home/kanja-koduki/ortega_ws) by extension 'ignore'
[3.497s] colcon.colcon_core.package_identification Level 1 _identify(/home/kanja-koduki/ortega_ws) by extension 'ignore_ament_install'
[3.497s] colcon.colcon_core.package_identification Level 1 _identify(/home/kanja-koduki/ortega_ws) by extensions ['colcon_pkg']
[3.497s] colcon.colcon_core.package_identification Level 1 _identify(/home/kanja-koduki/ortega_ws) by extension 'colcon_pkg'
[3.497s] colcon.colcon_core.package_identification Level 1 _identify(/home/kanja-koduki/ortega_ws) by extensions ['colcon_meta']
[3.498s] colcon.colcon_core.package_identification Level 1 _identify(/home/kanja-koduki/ortega_ws) by extension 'colcon_meta'
[3.498s] colcon.colcon_core.package_identification Level 1 _identify(/home/kanja-koduki/ortega_ws) by extensions ['ros']
[3.498s] colcon.colcon_core.package_identification Level 1 _identify(/home/kanja-koduki/ortega_ws) by extension 'ros'
[3.560s] colcon.colcon_core.package_identification Level 1 _identify(/home/kanja-koduki/ortega_ws) by extensions ['cmake', 'python']
[3.561s] colcon.colcon_core.package_identification Level 1 _identify(/home/kanja-koduki/ortega_ws) by extension 'cmake'
[3.561s] colcon.colcon_core.package_identification Level 1 _identify(/home/kanja-koduki/ortega_ws) by extension 'python'
[3.561s] colcon.colcon_core.package_identification Level 1 _identify(/home/kanja-koduki/ortega_ws) by extensions ['python_setup_py']
[3.561s] colcon.colcon_core.package_identification Level 1 _identify(/home/kanja-koduki/ortega_ws) by extension 'python_setup_py'
[3.562s] colcon.colcon_core.package_identification Level 1 _identify(/home/kanja-koduki/ortega_ws/build) by extensions ['ignore', 'ignore_ament_install']
[3.562s] colcon.colcon_core.package_identification Level 1 _identify(/home/kanja-koduki/ortega_ws/build) by extension 'ignore'
[3.562s] colcon.colcon_core.package_identification Level 1 _identify(/home/kanja-koduki/ortega_ws/build) ignored
[3.563s] colcon.colcon_core.package_identification Level 1 _identify(/home/kanja-koduki/ortega_ws/install) by extensions ['ignore', 'ignore_ament_install']
[3.563s] colcon.colcon_core.package_identification Level 1 _identify(/home/kanja-koduki/ortega_ws/install) by extension 'ignore'
[3.563s] colcon.colcon_core.package_identification Level 1 _identify(/home/kanja-koduki/ortega_ws/install) ignored
[3.563s] colcon.colcon_core.package_identification Level 1 _identify(/home/kanja-koduki/ortega_ws/log) by extensions ['ignore', 'ignore_ament_install']
[3.564s] colcon.colcon_core.package_identification Level 1 _identify(/home/kanja-koduki/ortega_ws/log) by extension 'ignore'
[3.564s] colcon.colcon_core.package_identification Level 1 _identify(/home/kanja-koduki/ortega_ws/log) ignored
[3.564s] colcon.colcon_core.package_identification Level 1 _identify(/home/kanja-koduki/ortega_ws/src) by extensions ['ignore', 'ignore_ament_install']
[3.564s] colcon.colcon_core.package_identification Level 1 _identify(/home/kanja-koduki/ortega_ws/src) by extension 'ignore'
[3.564s] colcon.colcon_core.package_identification Level 1 _identify(/home/kanja-koduki/ortega_ws/src) by extension 'ignore_ament_install'
[3.565s] colcon.colcon_core.package_identification Level 1 _identify(/home/kanja-koduki/ortega_ws/src) by extensions ['colcon_pkg']
[3.565s] colcon.colcon_core.package_identification Level 1 _identify(/home/kanja-koduki/ortega_ws/src) by extension 'colcon_pkg'
[3.565s] colcon.colcon_core.package_identification Level 1 _identify(/home/kanja-koduki/ortega_ws/src) by extensions ['colcon_meta']
[3.565s] colcon.colcon_core.package_identification Level 1 _identify(/home/kanja-koduki/ortega_ws/src) by extension 'colcon_meta'
[3.565s] colcon.colcon_core.package_identification Level 1 _identify(/home/kanja-koduki/ortega_ws/src) by extensions ['ros']
[3.565s] colcon.colcon_core.package_identification Level 1 _identify(/home/kanja-koduki/ortega_ws/src) by extension 'ros'
[3.565s] colcon.colcon_core.package_identification Level 1 _identify(/home/kanja-koduki/ortega_ws/src) by extensions ['cmake', 'python']
[3.565s] colcon.colcon_core.package_identification Level 1 _identify(/home/kanja-koduki/ortega_ws/src) by extension 'cmake'
[3.566s] colcon.colcon_core.package_identification Level 1 _identify(/home/kanja-koduki/ortega_ws/src) by extension 'python'
[3.566s] colcon.colcon_core.package_identification Level 1 _identify(/home/kanja-koduki/ortega_ws/src) by extensions ['python_setup_py']
[3.566s] colcon.colcon_core.package_identification Level 1 _identify(/home/kanja-koduki/ortega_ws/src) by extension 'python_setup_py'
[3.566s] colcon.colcon_core.package_identification Level 1 _identify(/home/kanja-koduki/ortega_ws/src/ortega_bot) by extensions ['ignore', 'ignore_ament_install']
[3.566s] colcon.colcon_core.package_identification Level 1 _identify(/home/kanja-koduki/ortega_ws/src/ortega_bot) by extension 'ignore'
[3.567s] colcon.colcon_core.package_identification Level 1 _identify(/home/kanja-koduki/ortega_ws/src/ortega_bot) by extension 'ignore_ament_install'
[3.567s] colcon.colcon_core.package_identification Level 1 _identify(/home/kanja-koduki/ortega_ws/src/ortega_bot) by extensions ['colcon_pkg']
[3.567s] colcon.colcon_core.package_identification Level 1 _identify(/home/kanja-koduki/ortega_ws/src/ortega_bot) by extension 'colcon_pkg'
[3.567s] colcon.colcon_core.package_identification Level 1 _identify(/home/kanja-koduki/ortega_ws/src/ortega_bot) by extensions ['colcon_meta']
[3.567s] colcon.colcon_core.package_identification Level 1 _identify(/home/kanja-koduki/ortega_ws/src/ortega_bot) by extension 'colcon_meta'
[3.567s] colcon.colcon_core.package_identification Level 1 _identify(/home/kanja-koduki/ortega_ws/src/ortega_bot) by extensions ['ros']
[3.567s] colcon.colcon_core.package_identification Level 1 _identify(/home/kanja-koduki/ortega_ws/src/ortega_bot) by extension 'ros'
[3.575s] colcon.colcon_core.package_identification DEBUG Package '/home/kanja-koduki/ortega_ws/src/ortega_bot' with type 'ros.ament_python' and name 'ortega_bot'
[3.575s] colcon.colcon_core.package_discovery Level 1 discover_packages(recursive) using defaults
